{
  "RSpec": {
    "coverage": {
      "/web/_myprojects/translator/app/models/locale.rb": [
        null,
        1,
        1,
        null,
        1,
        null,
        1,
        3,
        null,
        null,
        1,
        7,
        null,
        null
      ],
      "/web/_myprojects/translator/app/models/application_record.rb": [
        null,
        1,
        1,
        null
      ],
      "/web/_myprojects/translator/app/models/task.rb": [
        null,
        1,
        1,
        null,
        null,
        null,
        null,
        null,
        null,
        null,
        null,
        null,
        null,
        null,
        null,
        null,
        1,
        1,
        1,
        null,
        1,
        1,
        null,
        1,
        1,
        null,
        1,
        1,
        1,
        1,
        null,
        2,
        null,
        1,
        null,
        1,
        40,
        39,
        null,
        null,
        1,
        0,
        0,
        null,
        null,
        1,
        2,
        2,
        null,
        null,
        1,
        3,
        3,
        null,
        null,
        1,
        1,
        1,
        null,
        null,
        1,
        6,
        null,
        null,
        null,
        1,
        5,
        null,
        null,
        1,
        2,
        null,
        null,
        1,
        0,
        0,
        0,
        null,
        null,
        1,
        9,
        null,
        null,
        1,
        6,
        5,
        1,
        null,
        null,
        null,
        1,
        null,
        1,
        70,
        null,
        null
      ],
      "/web/_myprojects/translator/app/uploaders/file_uploader.rb": [
        null,
        1,
        1,
        null,
        1,
        25,
        null,
        null,
        1,
        50,
        null,
        null
      ],
      "/web/_myprojects/translator/app/models/translation.rb": [
        null,
        1,
        1,
        1,
        null,
        1,
        1,
        null,
        1,
        null,
        7,
        null
      ],
      "/web/_myprojects/translator/app/models/user.rb": [
        null,
        1,
        1,
        null,
        1,
        1,
        null,
        null,
        1,
        null,
        1,
        null,
        1,
        11,
        11,
        8,
        4,
        null,
        null,
        8,
        8,
        null,
        null,
        1,
        2,
        2,
        null,
        null,
        1,
        7,
        null,
        null,
        1,
        5,
        null,
        null,
        1,
        5,
        null,
        null,
        1,
        null,
        1,
        44,
        null,
        null
      ],
      "/web/_myprojects/translator/app/helpers/application_helper.rb": [
        null,
        1,
        1,
        0,
        null,
        null,
        1,
        0,
        0,
        0,
        null,
        null
      ],
      "/web/_myprojects/translator/app/controllers/tasks_controller.rb": [
        1,
        1,
        1,
        1,
        null,
        1,
        1,
        1,
        1,
        0,
        null,
        null,
        null,
        null,
        null,
        null,
        null,
        null,
        1,
        2,
        2,
        null,
        null,
        1,
        0,
        0,
        0,
        null,
        0,
        null,
        null,
        null,
        1,
        2,
        2,
        null,
        null,
        1,
        0,
        0,
        null,
        null,
        1,
        null,
        1,
        2,
        2,
        2,
        null,
        null,
        1,
        0,
        0,
        null,
        null,
        1,
        0,
        0,
        null,
        null,
        1,
        9,
        9,
        null,
        null,
        1,
        9,
        1,
        null,
        null,
        1,
        3,
        null,
        null
      ],
      "/web/_myprojects/translator/app/controllers/application_controller.rb": [
        1,
        1,
        null,
        1,
        1,
        null,
        1,
        1,
        null,
        1,
        null,
        1,
        0,
        null,
        null,
        1,
        null,
        1,
        0,
        null,
        null,
        1,
        7,
        null,
        null,
        1,
        16,
        null,
        null
      ],
      "/web/_myprojects/translator/app/controllers/translations_controller.rb": [
        1,
        1,
        null,
        1,
        null,
        1,
        null,
        1,
        3,
        null,
        null
      ],
      "/web/_myprojects/translator/app/jobs/task_processing_job.rb": [
        null,
        1,
        1,
        null,
        1,
        0,
        null,
        null
      ],
      "/web/_myprojects/translator/app/jobs/application_job.rb": [
        1,
        null
      ],
      "/web/_myprojects/translator/app/models/framework.rb": [
        null,
        1,
        1,
        null,
        1,
        null
      ],
      "/web/_myprojects/translator/app/models/identity.rb": [
        null,
        1,
        1,
        null,
        1,
        null,
        1,
        13,
        null,
        null
      ],
      "/web/_myprojects/translator/app/models/position.rb": [
        null,
        1,
        1,
        1,
        null,
        1,
        null
      ],
      "/web/_myprojects/translator/app/models/word.rb": [
        null,
        1,
        1,
        null,
        1,
        1,
        null,
        1,
        null,
        1,
        null,
        1,
        5,
        null,
        null,
        1,
        null,
        1,
        5,
        null,
        null,
        1,
        13,
        null,
        null
      ],
      "/web/_myprojects/translator/app/services/checks/sentence_service.rb": [
        1,
        null,
        1,
        1,
        1,
        null,
        1,
        null,
        1,
        10,
        10,
        null,
        null,
        1,
        5,
        5,
        8,
        8,
        8,
        null,
        5,
        5,
        null,
        0,
        null,
        null,
        null,
        null,
        5,
        null,
        null,
        1,
        null,
        1,
        10,
        10,
        0,
        0,
        null,
        null,
        null,
        1,
        null,
        10,
        8,
        null,
        null,
        null,
        26,
        null,
        null,
        1,
        null,
        0,
        0,
        null,
        null,
        null,
        0,
        null,
        null,
        null
      ],
      "/web/_myprojects/translator/app/services/checks/sentences/json.rb": [
        1,
        1,
        null,
        1,
        1,
        null,
        1,
        null,
        1,
        null,
        null,
        null,
        1,
        null,
        null,
        null,
        null
      ],
      "/web/_myprojects/translator/app/services/checks/sentences/base.rb": [
        1,
        1,
        null,
        1,
        1,
        null,
        1,
        1,
        1,
        null,
        1,
        1,
        null,
        1,
        null,
        1,
        null,
        null,
        null
      ],
      "/web/_myprojects/translator/app/services/checks/sentences/php.rb": [
        1,
        1,
        null,
        1,
        1,
        null,
        1,
        null,
        1,
        null,
        null,
        null,
        1,
        null,
        null,
        null,
        null
      ],
      "/web/_myprojects/translator/app/services/checks/sentences/resx.rb": [
        1,
        1,
        null,
        1,
        1,
        null,
        1,
        null,
        1,
        null,
        null,
        null,
        1,
        null,
        null,
        null,
        null
      ],
      "/web/_myprojects/translator/app/services/checks/sentences/strings.rb": [
        1,
        1,
        null,
        1,
        1,
        null,
        1,
        null,
        1,
        null,
        2,
        null,
        null,
        2,
        3,
        1,
        null,
        2,
        2,
        null,
        null,
        2,
        null,
        null,
        4,
        null,
        null,
        null,
        null,
        2,
        null,
        null,
        null,
        null
      ],
      "/web/_myprojects/translator/app/services/checks/sentences/xml.rb": [
        1,
        1,
        null,
        1,
        1,
        null,
        1,
        null,
        1,
        null,
        4,
        null,
        null,
        4,
        8,
        null,
        4,
        null,
        null,
        4,
        9,
        0,
        null,
        9,
        9,
        null,
        null,
        4,
        null,
        null,
        13,
        null,
        null,
        null,
        null,
        null,
        4,
        null,
        null,
        null,
        null
      ],
      "/web/_myprojects/translator/app/services/checks/sentences/yml.rb": [
        1,
        1,
        null,
        1,
        1,
        null,
        1,
        null,
        1,
        null,
        13,
        null,
        null,
        34,
        13,
        null,
        null,
        13,
        23,
        null,
        13,
        null,
        null,
        13,
        22,
        null,
        13,
        null,
        null,
        13,
        24,
        1,
        null,
        23,
        23,
        null,
        null,
        13,
        null,
        null,
        34,
        null,
        null,
        null,
        null,
        null,
        13,
        null,
        null,
        null,
        null
      ],
      "/web/_myprojects/translator/app/services/checks/translate_direction_service.rb": [
        1,
        null,
        1,
        null,
        1,
        1,
        7,
        4,
        3,
        3,
        null,
        null,
        1,
        7,
        7,
        7,
        1,
        null,
        null,
        null
      ],
      "/web/_myprojects/translator/app/services/file_handle/upload/rails_service.rb": [
        1,
        1,
        null,
        1,
        1,
        null,
        1,
        1,
        2,
        1,
        1,
        null,
        null,
        null,
        1,
        14,
        13,
        null,
        null,
        1,
        14,
        13,
        null,
        null,
        1,
        14,
        null,
        null,
        1,
        13,
        13,
        13,
        194,
        null,
        null,
        null,
        13,
        null,
        null,
        1,
        5,
        5,
        null,
        null,
        1,
        1,
        1,
        1,
        null,
        null,
        1,
        6,
        3,
        1,
        null,
        null,
        1,
        3,
        null,
        null,
        1,
        1,
        null,
        null,
        null,
        null
      ],
      "/web/_myprojects/translator/app/services/file_handle/upload_service.rb": [
        1,
        null,
        1,
        1,
        null,
        1,
        14,
        14,
        null,
        null,
        null,
        1,
        null,
        null,
        null,
        null
      ],
      "/web/_myprojects/translator/app/services/token_service.rb": [
        1,
        null,
        null,
        1,
        1,
        null,
        1,
        54,
        null,
        null
      ],
      "/web/_myprojects/translator/app/services/translate/source/from_db.rb": [
        1,
        1,
        null,
        1,
        1,
        null,
        1,
        10,
        10,
        10,
        null,
        null,
        1,
        7,
        7,
        null,
        6,
        6,
        3,
        3,
        null,
        6,
        3,
        6,
        null,
        null,
        4,
        null,
        4,
        4,
        4,
        null,
        null,
        null,
        null
      ],
      "/web/_myprojects/translator/app/controllers/api/v1/locales_controller.rb": [
        1,
        1,
        1,
        1,
        null,
        1,
        3,
        null,
        null,
        null,
        null
      ],
      "/web/_myprojects/translator/app/controllers/api/v1/base_controller.rb": [
        1,
        1,
        1,
        4,
        1,
        null,
        1,
        null,
        1,
        0,
        0,
        null,
        null,
        null,
        null
      ],
      "/web/_myprojects/translator/app/serializers/locale_serializer.rb": [
        1,
        1,
        null
      ],
      "/web/_myprojects/translator/app/jobs/task_updating_job.rb": [
        null,
        1,
        1,
        null,
        1,
        0,
        null,
        null
      ],
      "/web/_myprojects/translator/app/channels/application_cable/channel.rb": [
        0,
        0,
        0,
        0
      ],
      "/web/_myprojects/translator/app/channels/application_cable/connection.rb": [
        0,
        0,
        0,
        0
      ],
      "/web/_myprojects/translator/app/controllers/api/v1/translations_controller.rb": [
        0,
        0,
        0,
        0,
        null,
        0,
        0,
        0,
        0,
        null,
        0,
        0,
        0,
        null,
        0,
        null,
        0,
        0,
        0,
        0,
        0,
        0
      ],
      "/web/_myprojects/translator/app/controllers/users/omniauth_callbacks_controller.rb": [
        0,
        0,
        0,
        null,
        0,
        null,
        0,
        null,
        0,
        null,
        0,
        0,
        0,
        0,
        0,
        0,
        0,
        0,
        0,
        0,
        0,
        0,
        0
      ],
      "/web/_myprojects/translator/app/controllers/users/omniauth_controller.rb": [
        0,
        0,
        0,
        0,
        0,
        0,
        0,
        0,
        0,
        0,
        0,
        0
      ],
      "/web/_myprojects/translator/app/controllers/users/registrations_controller.rb": [
        0,
        0,
        0,
        0,
        null,
        0,
        null,
        0,
        0,
        0,
        0,
        0
      ],
      "/web/_myprojects/translator/app/controllers/users/sessions_controller.rb": [
        0,
        0,
        0,
        0,
        null,
        0,
        null,
        0,
        0,
        0,
        0,
        0
      ],
      "/web/_myprojects/translator/app/mailers/application_mailer.rb": [
        null,
        0,
        0,
        0,
        0
      ],
      "/web/_myprojects/translator/app/serializers/framework_serializer.rb": [
        0,
        0,
        0
      ],
      "/web/_myprojects/translator/app/serializers/task_serializer.rb": [
        0,
        0,
        null,
        0,
        0,
        0,
        null,
        0,
        0,
        0,
        null,
        0,
        0,
        0,
        0
      ],
      "/web/_myprojects/translator/app/serializers/translation_serializer.rb": [
        0,
        0,
        null,
        0,
        0,
        0,
        null,
        0,
        0,
        0,
        0
      ],
      "/web/_myprojects/translator/app/serializers/user_serializer.rb": [
        0,
        0,
        0
      ],
      "/web/_myprojects/translator/app/serializers/word_serializer.rb": [
        0,
        0,
        0,
        0
      ],
      "/web/_myprojects/translator/app/services/checks/fileresponder_service.rb": [
        0,
        null,
        0,
        0,
        0,
        0,
        0,
        0,
        0,
        0,
        0,
        0
      ],
      "/web/_myprojects/translator/app/services/file_handle/convert/android_service.rb": [
        0,
        null,
        0,
        0,
        null,
        0,
        0,
        null,
        0,
        0,
        0,
        0,
        0,
        0,
        0,
        0,
        0,
        0,
        0,
        0
      ],
      "/web/_myprojects/translator/app/services/file_handle/convert/ios_service.rb": [
        0,
        0,
        null,
        0,
        0,
        null,
        0,
        0,
        0,
        0,
        0,
        0,
        0,
        0,
        0,
        0,
        0,
        0,
        0,
        0,
        0
      ],
      "/web/_myprojects/translator/app/services/file_handle/convert/laravel_service.rb": [
        0,
        0,
        null,
        0,
        0,
        null,
        0,
        0,
        0,
        0,
        0,
        0,
        0,
        0,
        0,
        0,
        0
      ],
      "/web/_myprojects/translator/app/services/file_handle/convert/net_service.rb": [
        0,
        null,
        0,
        0,
        null,
        0,
        0,
        null,
        0,
        0,
        0,
        0,
        0,
        0,
        0,
        0,
        0,
        0,
        0
      ],
      "/web/_myprojects/translator/app/services/file_handle/convert/rails_service.rb": [
        0,
        0,
        null,
        0,
        0,
        null,
        0,
        0,
        0,
        0,
        0,
        0,
        0,
        0,
        0,
        0,
        null,
        null,
        0,
        0,
        0,
        null,
        0,
        0,
        0,
        0,
        0,
        0,
        0,
        null,
        0,
        0,
        0,
        0,
        null,
        0,
        0,
        0,
        0,
        0,
        0
      ],
      "/web/_myprojects/translator/app/services/file_handle/convert/react_service.rb": [
        0,
        0,
        null,
        0,
        0,
        null,
        0,
        0,
        0,
        0,
        0,
        0,
        0,
        0,
        0,
        0,
        0
      ],
      "/web/_myprojects/translator/app/services/file_handle/convert/yii_service.rb": [
        0,
        0,
        null,
        0,
        0,
        null,
        0,
        0,
        0,
        0,
        0,
        0,
        0,
        0,
        0,
        0,
        0,
        0,
        0,
        0,
        0
      ],
      "/web/_myprojects/translator/app/services/file_handle/convert_service.rb": [
        0,
        null,
        0,
        0,
        null,
        0,
        0,
        0,
        0,
        0,
        0,
        null,
        null,
        0,
        0,
        0,
        0,
        0
      ],
      "/web/_myprojects/translator/app/services/file_handle/save/android_service.rb": [
        0,
        0,
        null,
        0,
        0,
        0,
        0,
        0,
        null,
        null,
        0,
        0,
        0,
        0,
        0,
        0,
        0
      ],
      "/web/_myprojects/translator/app/services/file_handle/save/ios_service.rb": [
        0,
        0,
        null,
        0,
        0,
        0,
        0,
        0,
        null,
        null,
        0,
        0,
        0,
        0,
        0,
        0,
        0
      ],
      "/web/_myprojects/translator/app/services/file_handle/save/laravel_service.rb": [
        0,
        null,
        0,
        0,
        null,
        0,
        0,
        0,
        0,
        0,
        null,
        null,
        0,
        0,
        0,
        0,
        0,
        0,
        0
      ],
      "/web/_myprojects/translator/app/services/file_handle/save/net_service.rb": [
        0,
        0,
        null,
        0,
        0,
        0,
        0,
        0,
        null,
        null,
        0,
        0,
        0,
        0,
        0,
        0,
        0,
        0
      ],
      "/web/_myprojects/translator/app/services/file_handle/save/rails_service.rb": [
        0,
        null,
        0,
        0,
        null,
        0,
        0,
        0,
        0,
        0,
        null,
        null,
        0,
        0,
        0,
        0,
        0,
        0,
        0,
        0
      ],
      "/web/_myprojects/translator/app/services/file_handle/save/react_service.rb": [
        0,
        null,
        0,
        0,
        null,
        0,
        0,
        0,
        0,
        0,
        0,
        0,
        null,
        null,
        0,
        0,
        0,
        0,
        0,
        0,
        0
      ],
      "/web/_myprojects/translator/app/services/file_handle/save/yii_service.rb": [
        0,
        0,
        null,
        0,
        0,
        0,
        0,
        0,
        null,
        null,
        0,
        0,
        0,
        0,
        0,
        0,
        0
      ],
      "/web/_myprojects/translator/app/services/file_handle/save_service.rb": [
        0,
        null,
        0,
        0,
        null,
        0,
        0,
        0,
        0,
        null,
        0,
        0,
        0,
        0,
        0,
        0,
        null,
        null,
        0,
        0,
        0,
        null,
        null,
        0,
        0,
        0,
        null,
        0,
        0,
        0,
        0,
        null,
        0,
        0,
        0,
        0,
        0,
        0,
        0,
        0,
        0,
        0
      ],
      "/web/_myprojects/translator/app/services/file_handle/upload/android_service.rb": [
        0,
        null,
        0,
        0,
        null,
        0,
        0,
        0,
        0,
        0,
        0,
        null,
        null,
        0,
        0,
        0,
        0,
        null,
        0,
        0,
        0,
        null,
        0,
        0,
        0,
        null,
        0,
        0,
        0,
        null,
        0,
        0,
        0,
        0,
        0,
        null,
        0,
        0,
        0,
        null,
        0,
        0,
        0,
        0,
        null,
        0,
        0,
        0,
        null,
        0,
        0,
        0,
        0,
        0,
        0
      ],
      "/web/_myprojects/translator/app/services/file_handle/upload/ios_service.rb": [
        0,
        0,
        null,
        0,
        0,
        0,
        0,
        0,
        null,
        null,
        0,
        0,
        0,
        0,
        null,
        0,
        0,
        0,
        null,
        0,
        0,
        0,
        null,
        0,
        0,
        0,
        0,
        0,
        null,
        0,
        0,
        0,
        null,
        0,
        0,
        0,
        0,
        null,
        0,
        0,
        0,
        null,
        0,
        0,
        0,
        0,
        0,
        0
      ],
      "/web/_myprojects/translator/app/services/file_handle/upload/laravel_service.rb": [
        0,
        null,
        0,
        0,
        null,
        0,
        0,
        0,
        0,
        0,
        0,
        null,
        null,
        0,
        0,
        0,
        0,
        null,
        0,
        0,
        0,
        null,
        0,
        0,
        0,
        null,
        0,
        0,
        0,
        null,
        0,
        0,
        0,
        0,
        0,
        null,
        0,
        0,
        0,
        0,
        null,
        0,
        0,
        0,
        null,
        0,
        0,
        0,
        0,
        0,
        0
      ],
      "/web/_myprojects/translator/app/services/file_handle/upload/net_service.rb": [
        0,
        null,
        0,
        0,
        null,
        0,
        0,
        0,
        0,
        0,
        null,
        null,
        0,
        0,
        0,
        0,
        null,
        0,
        0,
        0,
        null,
        0,
        0,
        0,
        null,
        0,
        0,
        0,
        0,
        0,
        null,
        0,
        0,
        0,
        null,
        0,
        0,
        0,
        0,
        null,
        0,
        0,
        0,
        null,
        0,
        0,
        0,
        0,
        0,
        0
      ],
      "/web/_myprojects/translator/app/services/file_handle/upload/react_service.rb": [
        0,
        null,
        0,
        0,
        null,
        0,
        0,
        0,
        0,
        0,
        0,
        null,
        null,
        0,
        0,
        0,
        0,
        null,
        0,
        0,
        0,
        null,
        0,
        0,
        0,
        null,
        0,
        0,
        0,
        0,
        null,
        0,
        0,
        0,
        0,
        0,
        null,
        0,
        0,
        0,
        0,
        null,
        0,
        0,
        0,
        null,
        0,
        0,
        0,
        0,
        0,
        0
      ],
      "/web/_myprojects/translator/app/services/file_handle/upload/yii_service.rb": [
        0,
        0,
        null,
        0,
        0,
        0,
        0,
        0,
        null,
        null,
        0,
        0,
        0,
        0,
        null,
        0,
        0,
        0,
        null,
        0,
        0,
        0,
        null,
        0,
        0,
        0,
        0,
        0,
        null,
        0,
        0,
        0,
        null,
        0,
        0,
        0,
        0,
        null,
        0,
        0,
        0,
        null,
        0,
        0,
        0,
        0,
        0,
        0
      ],
      "/web/_myprojects/translator/app/services/task_processing_service.rb": [
        null,
        0,
        0,
        null,
        0,
        0,
        0,
        null,
        0,
        null,
        0,
        null,
        0,
        null,
        0,
        null,
        0,
        0,
        null,
        0,
        0,
        0,
        0,
        0,
        0,
        null,
        null,
        0,
        0,
        0,
        null,
        0,
        0,
        0,
        null,
        0,
        0,
        0,
        null,
        0,
        0,
        0,
        null,
        0,
        0,
        0,
        0
      ],
      "/web/_myprojects/translator/app/services/translate/rebuild_service.rb": [
        0,
        null,
        0,
        0,
        null,
        0,
        0,
        0,
        0,
        null,
        0,
        0,
        0,
        0,
        0,
        0,
        0,
        0,
        0,
        null,
        null,
        0,
        0,
        0,
        0,
        0,
        0,
        0,
        0,
        0,
        null,
        0,
        0,
        0,
        0,
        0,
        null,
        0,
        0,
        0,
        0,
        0,
        0,
        0,
        0,
        0,
        0
      ],
      "/web/_myprojects/translator/app/services/translate/source/from_yandex.rb": [
        0,
        null,
        0,
        0,
        null,
        0,
        0,
        0,
        0,
        0,
        0,
        0,
        0,
        0,
        null,
        0,
        0,
        0,
        0,
        0,
        0,
        0,
        0
      ],
      "/web/_myprojects/translator/app/services/translate/task_service.rb": [
        0,
        null,
        0,
        0,
        null,
        0,
        0,
        0,
        0,
        0,
        null,
        0,
        0,
        0,
        0,
        null,
        null,
        0,
        0,
        0,
        0,
        0
      ],
      "/web/_myprojects/translator/app/services/translate/word_service.rb": [
        0,
        null,
        0,
        0,
        null,
        0,
        0,
        0,
        0,
        0,
        null,
        0,
        0,
        0,
        null,
        0,
        0,
        0,
        0,
        0,
        null,
        0,
        0,
        null,
        0,
        0,
        0,
        null,
        0,
        0,
        0,
        0,
        0,
        0,
        0,
        0,
        0,
        null,
        0,
        0,
        0,
        0
      ]
    },
    "timestamp": 1514487846
  }
}
